<?xml version="1.0" encoding="UTF-8"?>
<!-- Generated by org.testng.reporters.JUnitReportReporter -->
<testsuite hostname="Ayushb" name="com.qa.Test.LoginTest" tests="1" failures="0" timestamp="4 Feb 2019 08:04:06 GMT" time="3.020" errors="0">
  <testcase name="loginPageTitle" time="3.020" classname="com.qa.Test.LoginTest"/>
</testsuite> <!-- com.qa.Test.LoginTest -->
